<?xml version="1.0" encoding="UTF-8"?>
<testsuite name="Testform" tests="1" skipped="0" failures="0" errors="0" timestamp="2022-06-02T15:16:06" hostname="DESKTOP-D380PIE" time="25.959">
  <properties/>
  <testcase name="SuccessFieldTextBox()" classname="Testform" time="25.959"/>
  <system-out><![CDATA[]]></system-out>
  <system-err><![CDATA[SLF4J: Failed to load class "org.slf4j.impl.StaticLoggerBinder".
SLF4J: Defaulting to no-operation (NOP) logger implementation
SLF4J: See http://www.slf4j.org/codes.html#StaticLoggerBinder for further details.
1654182969276	geckodriver	INFO	Listening on 127.0.0.1:56254
1654182970786	mozrunner::runner	INFO	Running command: "C:\\Program Files\\Mozilla Firefox\\firefox.exe" "--marionette" "--remote-debugging-port" "58868" "--remote-allow-hosts" "localhost" "-no-remote" "-profile" "C:\\Users\\Admin\\AppData\\Local\\Temp\\rust_mozprofilewAtEMg"
1654182971306	Marionette	INFO	Marionette enabled
WebDriver BiDi listening on ws://localhost:58868
console.warn: SearchSettings: "get: No settings file exists, new profile?" (new NotFoundError("Could not open the file at C:\\Users\\Admin\\AppData\\Local\\Temp\\rust_mozprofilewAtEMg\\search.json.mozlz4", (void 0)))
1654182975309	Marionette	INFO	Listening on port 51890
DevTools listening on ws://localhost:58868/devtools/browser/8608eaef-e1da-4665-9077-5dc6a20e19ab
Read port: 51890
1654182975458	RemoteAgent	WARN	TLS certificate errors will be ignored for this session
июн. 02, 2022 7:16:15 PM org.openqa.selenium.remote.ProtocolHandshake createSession
INFO: Detected dialect: W3C
JavaScript error: https://cdn.ad.plus/player/adplus.js, line 400: TypeError: e(...).setup is not a function
console.warn: LoginRecipes: "getRecipes: falling back to a synchronous message for:" "https://demoqa.com"
]]></system-err>
</testsuite>
